Classic Timing Analyzer report for STLCA
Wed Jan 15 05:36:55 2020
Quartus II Version 9.0 Build 235 06/17/2009 Service Pack 2 SJ Web Edition


---------------------
; Table of Contents ;
---------------------
  1. Legal Notice
  2. Timing Analyzer Summary
  3. Timing Analyzer Settings
  4. Clock Settings Summary
  5. Parallel Compilation
  6. Clock Setup: 'clk'
  7. tsu
  8. tco
  9. th
 10. Timing Analyzer Messages



----------------
; Legal Notice ;
----------------
Copyright (C) 1991-2009 Altera Corporation
Your use of Altera Corporation's design tools, logic functions 
and other software and tools, and its AMPP partner logic 
functions, and any output files from any of the foregoing 
(including device programming or simulation files), and any 
associated documentation or information are expressly subject 
to the terms and conditions of the Altera Program License 
Subscription Agreement, Altera MegaCore Function License 
Agreement, or other applicable license agreement, including, 
without limitation, that your use is for the sole purpose of 
programming logic devices manufactured by Altera and sold by 
Altera or its authorized distributors.  Please refer to the 
applicable agreement for further details.



+-------------------------------------------------------------------------------------------------------------------------------------------------------------------------------+
; Timing Analyzer Summary                                                                                                                                                       ;
+------------------------------+-------+---------------+------------------------------------------------+---------------+----------------+------------+----------+--------------+
; Type                         ; Slack ; Required Time ; Actual Time                                    ; From          ; To             ; From Clock ; To Clock ; Failed Paths ;
+------------------------------+-------+---------------+------------------------------------------------+---------------+----------------+------------+----------+--------------+
; Worst-case tsu               ; N/A   ; None          ; 3.275 ns                                       ; sensor        ; p_state.green  ; --         ; clk      ; 0            ;
; Worst-case tco               ; N/A   ; None          ; 5.901 ns                                       ; p_state.red   ; r_light        ; clk        ; --       ; 0            ;
; Worst-case th                ; N/A   ; None          ; -3.036 ns                                      ; sensor        ; p_state.green  ; --         ; clk      ; 0            ;
; Clock Setup: 'clk'           ; N/A   ; None          ; Restricted to 500.00 MHz ( period = 2.000 ns ) ; p_state.green ; p_state.yellow ; clk        ; clk      ; 0            ;
; Total number of failed paths ;       ;               ;                                                ;               ;                ;            ;          ; 0            ;
+------------------------------+-------+---------------+------------------------------------------------+---------------+----------------+------------+----------+--------------+


+--------------------------------------------------------------------------------------------------------------------+
; Timing Analyzer Settings                                                                                           ;
+---------------------------------------------------------------------+--------------------+------+----+-------------+
; Option                                                              ; Setting            ; From ; To ; Entity Name ;
+---------------------------------------------------------------------+--------------------+------+----+-------------+
; Device Name                                                         ; EP2S15F484C3       ;      ;    ;             ;
; Timing Models                                                       ; Final              ;      ;    ;             ;
; Default hold multicycle                                             ; Same as Multicycle ;      ;    ;             ;
; Cut paths between unrelated clock domains                           ; On                 ;      ;    ;             ;
; Cut off read during write signal paths                              ; On                 ;      ;    ;             ;
; Cut off feedback from I/O pins                                      ; On                 ;      ;    ;             ;
; Report Combined Fast/Slow Timing                                    ; Off                ;      ;    ;             ;
; Ignore Clock Settings                                               ; Off                ;      ;    ;             ;
; Analyze latches as synchronous elements                             ; On                 ;      ;    ;             ;
; Enable Recovery/Removal analysis                                    ; Off                ;      ;    ;             ;
; Enable Clock Latency                                                ; Off                ;      ;    ;             ;
; Use TimeQuest Timing Analyzer                                       ; Off                ;      ;    ;             ;
; Number of source nodes to report per destination node               ; 10                 ;      ;    ;             ;
; Number of destination nodes to report                               ; 10                 ;      ;    ;             ;
; Number of paths to report                                           ; 200                ;      ;    ;             ;
; Report Minimum Timing Checks                                        ; Off                ;      ;    ;             ;
; Use Fast Timing Models                                              ; Off                ;      ;    ;             ;
; Report IO Paths Separately                                          ; Off                ;      ;    ;             ;
; Perform Multicorner Analysis                                        ; On                 ;      ;    ;             ;
; Reports the worst-case path for each clock domain and analysis      ; Off                ;      ;    ;             ;
; Removes common clock path pessimism (CCPP) during slack computation ; Off                ;      ;    ;             ;
; Output I/O Timing Endpoint                                          ; Near End           ;      ;    ;             ;
+---------------------------------------------------------------------+--------------------+------+----+-------------+


+------------------------------------------------------------------------------------------------------------------------------------------------------------------------------------+
; Clock Settings Summary                                                                                                                                                             ;
+-----------------+--------------------+----------+------------------+---------------+--------------+----------+-----------------------+---------------------+--------+--------------+
; Clock Node Name ; Clock Setting Name ; Type     ; Fmax Requirement ; Early Latency ; Late Latency ; Based on ; Multiply Base Fmax by ; Divide Base Fmax by ; Offset ; Phase offset ;
+-----------------+--------------------+----------+------------------+---------------+--------------+----------+-----------------------+---------------------+--------+--------------+
; clk             ;                    ; User Pin ; None             ; 0.000 ns      ; 0.000 ns     ; --       ; N/A                   ; N/A                 ; N/A    ;              ;
+-----------------+--------------------+----------+------------------+---------------+--------------+----------+-----------------------+---------------------+--------+--------------+


Parallel compilation was disabled, but you have multiple processors available. Enable parallel compilation to reduce compilation time.
+-------------------------------------+
; Parallel Compilation                ;
+----------------------------+--------+
; Processors                 ; Number ;
+----------------------------+--------+
; Number detected on machine ; 12     ;
; Maximum allowed            ; 1      ;
+----------------------------+--------+


+------------------------------------------------------------------------------------------------------------------------------------------------------------------------------------------------------+
; Clock Setup: 'clk'                                                                                                                                                                                   ;
+-------+------------------------------------------------+----------------+----------------+------------+----------+-----------------------------+---------------------------+-------------------------+
; Slack ; Actual fmax (period)                           ; From           ; To             ; From Clock ; To Clock ; Required Setup Relationship ; Required Longest P2P Time ; Actual Longest P2P Time ;
+-------+------------------------------------------------+----------------+----------------+------------+----------+-----------------------------+---------------------------+-------------------------+
; N/A   ; Restricted to 500.00 MHz ( period = 2.000 ns ) ; p_state.green  ; p_state.yellow ; clk        ; clk      ; None                        ; None                      ; 0.522 ns                ;
; N/A   ; Restricted to 500.00 MHz ( period = 2.000 ns ) ; p_state.red    ; p_state.red    ; clk        ; clk      ; None                        ; None                      ; 0.488 ns                ;
; N/A   ; Restricted to 500.00 MHz ( period = 2.000 ns ) ; p_state.yellow ; p_state.red    ; clk        ; clk      ; None                        ; None                      ; 0.416 ns                ;
; N/A   ; Restricted to 500.00 MHz ( period = 2.000 ns ) ; p_state.red    ; p_state.green  ; clk        ; clk      ; None                        ; None                      ; 0.415 ns                ;
+-------+------------------------------------------------+----------------+----------------+------------+----------+-----------------------------+---------------------------+-------------------------+


+-----------------------------------------------------------------------+
; tsu                                                                   ;
+-------+--------------+------------+--------+---------------+----------+
; Slack ; Required tsu ; Actual tsu ; From   ; To            ; To Clock ;
+-------+--------------+------------+--------+---------------+----------+
; N/A   ; None         ; 3.275 ns   ; sensor ; p_state.red   ; clk      ;
; N/A   ; None         ; 3.275 ns   ; sensor ; p_state.green ; clk      ;
+-------+--------------+------------+--------+---------------+----------+


+---------------------------------------------------------------------------+
; tco                                                                       ;
+-------+--------------+------------+----------------+---------+------------+
; Slack ; Required tco ; Actual tco ; From           ; To      ; From Clock ;
+-------+--------------+------------+----------------+---------+------------+
; N/A   ; None         ; 5.901 ns   ; p_state.red    ; r_light ; clk        ;
; N/A   ; None         ; 5.701 ns   ; p_state.green  ; g_light ; clk        ;
; N/A   ; None         ; 5.035 ns   ; p_state.yellow ; y_light ; clk        ;
+-------+--------------+------------+----------------+---------+------------+


+-----------------------------------------------------------------------------+
; th                                                                          ;
+---------------+-------------+-----------+--------+---------------+----------+
; Minimum Slack ; Required th ; Actual th ; From   ; To            ; To Clock ;
+---------------+-------------+-----------+--------+---------------+----------+
; N/A           ; None        ; -3.036 ns ; sensor ; p_state.red   ; clk      ;
; N/A           ; None        ; -3.036 ns ; sensor ; p_state.green ; clk      ;
+---------------+-------------+-----------+--------+---------------+----------+


+--------------------------+
; Timing Analyzer Messages ;
+--------------------------+
Info: *******************************************************************
Info: Running Quartus II Classic Timing Analyzer
    Info: Version 9.0 Build 235 06/17/2009 Service Pack 2 SJ Web Edition
    Info: Processing started: Wed Jan 15 05:36:55 2020
Info: Command: quartus_tan --read_settings_files=off --write_settings_files=off STLCA -c STLCA --timing_analysis_only
Warning: Found pins functioning as undefined clocks and/or memory enables
    Info: Assuming node "clk" is an undefined clock
Info: Clock "clk" Internal fmax is restricted to 500.0 MHz between source register "p_state.green" and destination register "p_state.yellow"
    Info: fmax restricted to clock pin edge rate 2.0 ns. Expand message to see actual delay path.
        Info: + Longest register to register delay is 0.522 ns
            Info: 1: + IC(0.000 ns) + CELL(0.000 ns) = 0.000 ns; Loc. = LCFF_X1_Y16_N19; Fanout = 2; REG Node = 'p_state.green'
            Info: 2: + IC(0.213 ns) + CELL(0.309 ns) = 0.522 ns; Loc. = LCFF_X1_Y16_N21; Fanout = 2; REG Node = 'p_state.yellow'
            Info: Total cell delay = 0.309 ns ( 59.20 % )
            Info: Total interconnect delay = 0.213 ns ( 40.80 % )
        Info: - Smallest clock skew is 0.000 ns
            Info: + Shortest clock path from clock "clk" to destination register is 2.466 ns
                Info: 1: + IC(0.000 ns) + CELL(0.854 ns) = 0.854 ns; Loc. = PIN_N20; Fanout = 1; CLK Node = 'clk'
                Info: 2: + IC(0.343 ns) + CELL(0.000 ns) = 1.197 ns; Loc. = CLKCTRL_G3; Fanout = 3; COMB Node = 'clk~clkctrl'
                Info: 3: + IC(0.651 ns) + CELL(0.618 ns) = 2.466 ns; Loc. = LCFF_X1_Y16_N21; Fanout = 2; REG Node = 'p_state.yellow'
                Info: Total cell delay = 1.472 ns ( 59.69 % )
                Info: Total interconnect delay = 0.994 ns ( 40.31 % )
            Info: - Longest clock path from clock "clk" to source register is 2.466 ns
                Info: 1: + IC(0.000 ns) + CELL(0.854 ns) = 0.854 ns; Loc. = PIN_N20; Fanout = 1; CLK Node = 'clk'
                Info: 2: + IC(0.343 ns) + CELL(0.000 ns) = 1.197 ns; Loc. = CLKCTRL_G3; Fanout = 3; COMB Node = 'clk~clkctrl'
                Info: 3: + IC(0.651 ns) + CELL(0.618 ns) = 2.466 ns; Loc. = LCFF_X1_Y16_N19; Fanout = 2; REG Node = 'p_state.green'
                Info: Total cell delay = 1.472 ns ( 59.69 % )
                Info: Total interconnect delay = 0.994 ns ( 40.31 % )
        Info: + Micro clock to output delay of source is 0.094 ns
        Info: + Micro setup delay of destination is 0.090 ns
Info: tsu for register "p_state.red" (data pin = "sensor", clock pin = "clk") is 3.275 ns
    Info: + Longest pin to register delay is 5.651 ns
        Info: 1: + IC(0.000 ns) + CELL(0.807 ns) = 0.807 ns; Loc. = PIN_R15; Fanout = 2; PIN Node = 'sensor'
        Info: 2: + IC(4.323 ns) + CELL(0.366 ns) = 5.496 ns; Loc. = LCCOMB_X1_Y16_N16; Fanout = 1; COMB Node = 'Selector0~0'
        Info: 3: + IC(0.000 ns) + CELL(0.155 ns) = 5.651 ns; Loc. = LCFF_X1_Y16_N17; Fanout = 3; REG Node = 'p_state.red'
        Info: Total cell delay = 1.328 ns ( 23.50 % )
        Info: Total interconnect delay = 4.323 ns ( 76.50 % )
    Info: + Micro setup delay of destination is 0.090 ns
    Info: - Shortest clock path from clock "clk" to destination register is 2.466 ns
        Info: 1: + IC(0.000 ns) + CELL(0.854 ns) = 0.854 ns; Loc. = PIN_N20; Fanout = 1; CLK Node = 'clk'
        Info: 2: + IC(0.343 ns) + CELL(0.000 ns) = 1.197 ns; Loc. = CLKCTRL_G3; Fanout = 3; COMB Node = 'clk~clkctrl'
        Info: 3: + IC(0.651 ns) + CELL(0.618 ns) = 2.466 ns; Loc. = LCFF_X1_Y16_N17; Fanout = 3; REG Node = 'p_state.red'
        Info: Total cell delay = 1.472 ns ( 59.69 % )
        Info: Total interconnect delay = 0.994 ns ( 40.31 % )
Info: tco from clock "clk" to destination pin "r_light" through register "p_state.red" is 5.901 ns
    Info: + Longest clock path from clock "clk" to source register is 2.466 ns
        Info: 1: + IC(0.000 ns) + CELL(0.854 ns) = 0.854 ns; Loc. = PIN_N20; Fanout = 1; CLK Node = 'clk'
        Info: 2: + IC(0.343 ns) + CELL(0.000 ns) = 1.197 ns; Loc. = CLKCTRL_G3; Fanout = 3; COMB Node = 'clk~clkctrl'
        Info: 3: + IC(0.651 ns) + CELL(0.618 ns) = 2.466 ns; Loc. = LCFF_X1_Y16_N17; Fanout = 3; REG Node = 'p_state.red'
        Info: Total cell delay = 1.472 ns ( 59.69 % )
        Info: Total interconnect delay = 0.994 ns ( 40.31 % )
    Info: + Micro clock to output delay of source is 0.094 ns
    Info: + Longest register to pin delay is 3.341 ns
        Info: 1: + IC(0.000 ns) + CELL(0.000 ns) = 0.000 ns; Loc. = LCFF_X1_Y16_N17; Fanout = 3; REG Node = 'p_state.red'
        Info: 2: + IC(1.399 ns) + CELL(1.942 ns) = 3.341 ns; Loc. = PIN_G16; Fanout = 0; PIN Node = 'r_light'
        Info: Total cell delay = 1.942 ns ( 58.13 % )
        Info: Total interconnect delay = 1.399 ns ( 41.87 % )
Info: th for register "p_state.red" (data pin = "sensor", clock pin = "clk") is -3.036 ns
    Info: + Longest clock path from clock "clk" to destination register is 2.466 ns
        Info: 1: + IC(0.000 ns) + CELL(0.854 ns) = 0.854 ns; Loc. = PIN_N20; Fanout = 1; CLK Node = 'clk'
        Info: 2: + IC(0.343 ns) + CELL(0.000 ns) = 1.197 ns; Loc. = CLKCTRL_G3; Fanout = 3; COMB Node = 'clk~clkctrl'
        Info: 3: + IC(0.651 ns) + CELL(0.618 ns) = 2.466 ns; Loc. = LCFF_X1_Y16_N17; Fanout = 3; REG Node = 'p_state.red'
        Info: Total cell delay = 1.472 ns ( 59.69 % )
        Info: Total interconnect delay = 0.994 ns ( 40.31 % )
    Info: + Micro hold delay of destination is 0.149 ns
    Info: - Shortest pin to register delay is 5.651 ns
        Info: 1: + IC(0.000 ns) + CELL(0.807 ns) = 0.807 ns; Loc. = PIN_R15; Fanout = 2; PIN Node = 'sensor'
        Info: 2: + IC(4.323 ns) + CELL(0.366 ns) = 5.496 ns; Loc. = LCCOMB_X1_Y16_N16; Fanout = 1; COMB Node = 'Selector0~0'
        Info: 3: + IC(0.000 ns) + CELL(0.155 ns) = 5.651 ns; Loc. = LCFF_X1_Y16_N17; Fanout = 3; REG Node = 'p_state.red'
        Info: Total cell delay = 1.328 ns ( 23.50 % )
        Info: Total interconnect delay = 4.323 ns ( 76.50 % )
Info: Quartus II Classic Timing Analyzer was successful. 0 errors, 1 warning
    Info: Peak virtual memory: 188 megabytes
    Info: Processing ended: Wed Jan 15 05:36:55 2020
    Info: Elapsed time: 00:00:00
    Info: Total CPU time (on all processors): 00:00:00


