Flow report for HW3
Thu Dec 19 15:58:54 2019
Quartus II Version 9.0 Build 235 06/17/2009 Service Pack 2 SJ Web Edition


---------------------
; Table of Contents ;
---------------------
  1. Legal Notice
  2. Flow Summary
  3. Flow Settings
  4. Flow Non-Default Global Settings
  5. Flow Elapsed Time
  6. Flow OS Summary
  7. Flow Log



----------------
; Legal Notice ;
----------------
Copyright (C) 1991-2009 Altera Corporation
Your use of Altera Corporation's design tools, logic functions 
and other software and tools, and its AMPP partner logic 
functions, and any output files from any of the foregoing 
(including device programming or simulation files), and any 
associated documentation or information are expressly subject 
to the terms and conditions of the Altera Program License 
Subscription Agreement, Altera MegaCore Function License 
Agreement, or other applicable license agreement, including, 
without limitation, that your use is for the sole purpose of 
programming logic devices manufactured by Altera and sold by 
Altera or its authorized distributors.  Please refer to the 
applicable agreement for further details.



+------------------------------------------------------------------------------+
; Flow Summary                                                                 ;
+-------------------------------+----------------------------------------------+
; Flow Status                   ; Successful - Thu Dec 19 15:58:54 2019        ;
; Quartus II Version            ; 9.0 Build 235 06/17/2009 SP 2 SJ Web Edition ;
; Revision Name                 ; HW3                                          ;
; Top-level Entity Name         ; HW3                                          ;
; Family                        ; Stratix II                                   ;
; Met timing requirements       ; Yes                                          ;
; Logic utilization             ; 21 %                                         ;
;     Combinational ALUTs       ; 1,004 / 12,480 ( 8 % )                       ;
;     Dedicated logic registers ; 2,048 / 12,480 ( 16 % )                      ;
; Total registers               ; 2048                                         ;
; Total pins                    ; 34 / 343 ( 10 % )                            ;
; Total virtual pins            ; 0                                            ;
; Total block memory bits       ; 0 / 419,328 ( 0 % )                          ;
; DSP block 9-bit elements      ; 0 / 96 ( 0 % )                               ;
; Total PLLs                    ; 0 / 6 ( 0 % )                                ;
; Total DLLs                    ; 0 / 2 ( 0 % )                                ;
; Device                        ; EP2S15F484C3                                 ;
; Timing Models                 ; Final                                        ;
+-------------------------------+----------------------------------------------+


+-----------------------------------------+
; Flow Settings                           ;
+-------------------+---------------------+
; Option            ; Setting             ;
+-------------------+---------------------+
; Start date & time ; 12/19/2019 15:58:38 ;
; Main task         ; Compilation         ;
; Revision Name     ; HW3                 ;
+-------------------+---------------------+


+-----------------------------------------------------------------------------------------------------------------------------------+
; Flow Non-Default Global Settings                                                                                                  ;
+------------------------------------+--------------------------------+------------------------------+-------------+----------------+
; Assignment Name                    ; Value                          ; Default Value                ; Entity Name ; Section Id     ;
+------------------------------------+--------------------------------+------------------------------+-------------+----------------+
; COMPILER_SIGNATURE_ID              ; 84585006170549.157674231802488 ; --                           ; --          ; --             ;
; FITTER_EFFORT                      ; Standard Fit                   ; Auto Fit                     ; --          ; --             ;
; INCREMENTAL_COMPILATION            ; Off                            ; FULL_INCREMENTAL_COMPILATION ; --          ; --             ;
; PARTITION_COLOR                    ; 16764057                       ; --                           ; --          ; Top            ;
; PARTITION_NETLIST_TYPE             ; SOURCE                         ; --                           ; --          ; Top            ;
; USE_GENERATED_PHYSICAL_CONSTRAINTS ; Off                            ; --                           ; --          ; eda_blast_fpga ;
+------------------------------------+--------------------------------+------------------------------+-------------+----------------+


+-----------------------------------------------------------------------------------------------------------------------------+
; Flow Elapsed Time                                                                                                           ;
+-------------------------+--------------+-------------------------+---------------------+------------------------------------+
; Module Name             ; Elapsed Time ; Average Processors Used ; Peak Virtual Memory ; Total CPU Time (on all processors) ;
+-------------------------+--------------+-------------------------+---------------------+------------------------------------+
; Analysis & Synthesis    ; 00:00:03     ; 1.0                     ; 258 MB              ; 00:00:03                           ;
; Fitter                  ; 00:00:08     ; 1.0                     ; 283 MB              ; 00:00:08                           ;
; Assembler               ; 00:00:02     ; 1.0                     ; 245 MB              ; 00:00:01                           ;
; Classic Timing Analyzer ; 00:00:01     ; 1.0                     ; 191 MB              ; 00:00:00                           ;
; Total                   ; 00:00:14     ; --                      ; --                  ; 00:00:12                           ;
+-------------------------+--------------+-------------------------+---------------------+------------------------------------+


+------------------------------------------------------------------------------------------+
; Flow OS Summary                                                                          ;
+-------------------------+------------------+---------------+------------+----------------+
; Module Name             ; Machine Hostname ; OS Name       ; OS Version ; Processor type ;
+-------------------------+------------------+---------------+------------+----------------+
; Analysis & Synthesis    ; DESKTOP-63LJGAF  ; Windows Vista ; 6.2        ; x86_64         ;
; Fitter                  ; DESKTOP-63LJGAF  ; Windows Vista ; 6.2        ; x86_64         ;
; Assembler               ; DESKTOP-63LJGAF  ; Windows Vista ; 6.2        ; x86_64         ;
; Classic Timing Analyzer ; DESKTOP-63LJGAF  ; Windows Vista ; 6.2        ; x86_64         ;
+-------------------------+------------------+---------------+------------+----------------+


------------
; Flow Log ;
------------
quartus_map --read_settings_files=on --write_settings_files=off HW3 -c HW3
quartus_fit --read_settings_files=off --write_settings_files=off HW3 -c HW3
quartus_asm --read_settings_files=off --write_settings_files=off HW3 -c HW3
quartus_tan --read_settings_files=off --write_settings_files=off HW3 -c HW3 --timing_analysis_only



